[ RAM: 55.49 MB | caller: null | file: scraper.js | line: 3 ]
{ fetchFeed: [Function],
  parseFeed: [Function],
  generateNewClientPage: [Function] } '\n'
[ RAM: 55.76 MB | caller: exports.schedule | file: scheduler-cron.js | line: 18 ]
Scheduling 'fetchUpdate' to run at { minute: '15', hour: '16', date: '*', month: '*', day: '*' } 

[ RAM: 56.03 MB | caller: exports.startServer | file: host-express.js | line: 58 ]
Starting server... 

[ RAM: 56.03 MB | caller: fs.readdirSync.map | file: host-express.js | line: 44 ]
Sourcing directory:  /home/scottshotgg/Development/fbo-mailer-bot/src/resources/js/bootstrap 

[ RAM: 56.30 MB | caller: fs.readdirSync.map | file: host-express.js | line: 44 ]
Sourcing directory:  /home/scottshotgg/Development/fbo-mailer-bot/src/resources/js/dataTables 

[ RAM: 56.30 MB | caller: fs.readdirSync.map | file: host-express.js | line: 44 ]
Sourcing directory:  /home/scottshotgg/Development/fbo-mailer-bot/src/resources/js/jquery 

[ RAM: 56.30 MB | caller: fs.readdirSync.map | file: host-express.js | line: 44 ]
Sourcing directory:  /home/scottshotgg/Development/fbo-mailer-bot/src/resources/js/md5 

[ RAM: 56.30 MB | caller: fs.readdirSync.map | file: host-express.js | line: 44 ]
Sourcing directory:  /home/scottshotgg/Development/fbo-mailer-bot/src/resources/js/moment 

[ RAM: 56.30 MB | caller: fs.readdirSync.map | file: host-express.js | line: 44 ]
Sourcing directory:  /home/scottshotgg/Development/fbo-mailer-bot/src/resources/js/select2 

[ RAM: 56.30 MB | caller: fs.readdirSync.map | file: host-express.js | line: 44 ]
Sourcing directory:  /home/scottshotgg/Development/fbo-mailer-bot/src/resources/css/bootstrap 

[ RAM: 56.30 MB | caller: fs.readdirSync.map | file: host-express.js | line: 44 ]
Sourcing directory:  /home/scottshotgg/Development/fbo-mailer-bot/src/resources/css/dataTables 

[ RAM: 56.30 MB | caller: fs.readdirSync.map | file: host-express.js | line: 44 ]
Sourcing directory:  /home/scottshotgg/Development/fbo-mailer-bot/src/resources/css/select2 

[ RAM: 56.30 MB | caller: fs.readdirSync.map | file: host-express.js | line: 44 ]
Sourcing directory:  /home/scottshotgg/Development/fbo-mailer-bot/src/resources/css/uiKit 

[ RAM: 56.30 MB | caller: fs.readdirSync.map | file: host-express.js | line: 44 ]
Sourcing directory:  /home/scottshotgg/Development/fbo-mailer-bot/src/resources/fonts/DataTables-1.10.13 

[ RAM: 56.30 MB | caller: fs.readdirSync.map | file: host-express.js | line: 44 ]
Sourcing directory:  /home/scottshotgg/Development/fbo-mailer-bot/src/resources/fonts/bootstrap 

[ RAM: 56.57 MB | caller: fs.readdirSync.map | file: host-express.js | line: 44 ]
Sourcing directory:  /home/scottshotgg/Development/fbo-mailer-bot/src/resources/DataTables-1.10.13/DataTables-1.10.13 

[ RAM: 56.57 MB | caller: async.map | file: host-express.js | line: 68 ]
Done loading resource files! 

[ RAM: 58.80 MB | caller: exports.connectMongoDB | file: database-mongo.js | line: 18 ]
Initiating connection to fbo-mailer 

[ RAM: 59.69 MB | caller: null | file: host-express.js | line: 280 ]
Listening on port 8080! 

[ RAM: 60.23 MB | caller: null | file: database-mongo.js | line: 23 ]
Connected to fbo-mailer 

[ RAM: 60.23 MB | caller: exports.createCollection | file: database-mongo.js | line: 59 ]
Creating collection { '': '' } 

[ RAM: 60.38 MB | caller: fs.open | file: scraping-utils.js | line: 59 ]
FBOFeed20170628 has already been downloaded 

[ RAM: 78.34 MB | caller: exports.parseFeed | file: scraping-utils.js | line: 69 ]
Parsing FBOFeed20170628 

[ RAM: 78.34 MB | caller: exports.parseFeed | file: scraping-utils.js | line: 71 ]
Inserting records... 

[ RAM: 78.34 MB | caller: exports.parseFeed | file: scraping-utils.js | line: 78 ]
async filter... 

[ RAM: 78.34 MB | caller: async.filter | file: scraping-utils.js | line: 83 ]
true undefined '\n'
[ RAM: 78.34 MB | caller: async.filter | file: scraping-utils.js | line: 84 ]
async filter done 

[ RAM: 78.34 MB | caller: async.map | file: scraping-utils.js | line: 93 ]
finished 

[ RAM: 79.16 MB | caller: exports.generateClientPages | file: database-mongo.js | line: 108 ]
Generating client pages... 

[ RAM: 106.06 MB | caller: exports.generateNewClientPage | file: scraping-utils.js | line: 108 ]
scg104021 has 939 entries 

[ RAM: 135.94 MB | caller: exports.generateNewClientPage | file: scraping-utils.js | line: 158 ]
Attempting to write client index file: /clients/scg104021/index.html 

[ RAM: 140.53 MB | caller: exports.generateNewClientPage | file: scraping-utils.js | line: 161 ]
Client index file successfully written: /clients/scg104021/index.html 

[ RAM: 146.21 MB | caller: exports.generateNewClientPage | file: scraping-utils.js | line: 108 ]
scg104020 has 939 entries 

[ RAM: 158.11 MB | caller: exports.generateNewClientPage | file: scraping-utils.js | line: 158 ]
Attempting to write client index file: /clients/scg104020/index.html 

[ RAM: 163.51 MB | caller: exports.generateNewClientPage | file: scraping-utils.js | line: 161 ]
Client index file successfully written: /clients/scg104020/index.html 

