[ RAM: 56.40 MB | caller: null | file: scraper.js | line: 3 ]
{ fetchFeed: [Function],
  parseFeed: [Function],
  generateNewClientPage: [Function] } '\n'
[ RAM: 56.67 MB | caller: exports.schedule | file: scheduler-cron.js | line: 18 ]
Scheduling 'fetchUpdate' to run at { minute: '15', hour: '16', date: '*', month: '*', day: '*' } 

[ RAM: 56.94 MB | caller: exports.startServer | file: host-express.js | line: 58 ]
Starting server... 

[ RAM: 57.21 MB | caller: fs.readdirSync.map | file: host-express.js | line: 44 ]
Sourcing directory:  /home/scottshotgg/Development/fbo-mailer-bot/src/resources/js/bootstrap 

[ RAM: 57.21 MB | caller: fs.readdirSync.map | file: host-express.js | line: 44 ]
Sourcing directory:  /home/scottshotgg/Development/fbo-mailer-bot/src/resources/js/dataTables 

[ RAM: 57.21 MB | caller: fs.readdirSync.map | file: host-express.js | line: 44 ]
Sourcing directory:  /home/scottshotgg/Development/fbo-mailer-bot/src/resources/js/jquery 

[ RAM: 57.21 MB | caller: fs.readdirSync.map | file: host-express.js | line: 44 ]
Sourcing directory:  /home/scottshotgg/Development/fbo-mailer-bot/src/resources/js/md5 

[ RAM: 57.21 MB | caller: fs.readdirSync.map | file: host-express.js | line: 44 ]
Sourcing directory:  /home/scottshotgg/Development/fbo-mailer-bot/src/resources/js/moment 

[ RAM: 57.21 MB | caller: fs.readdirSync.map | file: host-express.js | line: 44 ]
Sourcing directory:  /home/scottshotgg/Development/fbo-mailer-bot/src/resources/js/select2 

[ RAM: 57.21 MB | caller: fs.readdirSync.map | file: host-express.js | line: 44 ]
Sourcing directory:  /home/scottshotgg/Development/fbo-mailer-bot/src/resources/css/bootstrap 

[ RAM: 57.21 MB | caller: fs.readdirSync.map | file: host-express.js | line: 44 ]
Sourcing directory:  /home/scottshotgg/Development/fbo-mailer-bot/src/resources/css/dataTables 

[ RAM: 57.48 MB | caller: fs.readdirSync.map | file: host-express.js | line: 44 ]
Sourcing directory:  /home/scottshotgg/Development/fbo-mailer-bot/src/resources/css/select2 

[ RAM: 57.48 MB | caller: fs.readdirSync.map | file: host-express.js | line: 44 ]
Sourcing directory:  /home/scottshotgg/Development/fbo-mailer-bot/src/resources/css/uiKit 

[ RAM: 57.48 MB | caller: fs.readdirSync.map | file: host-express.js | line: 44 ]
Sourcing directory:  /home/scottshotgg/Development/fbo-mailer-bot/src/resources/fonts/DataTables-1.10.13 

[ RAM: 57.48 MB | caller: fs.readdirSync.map | file: host-express.js | line: 44 ]
Sourcing directory:  /home/scottshotgg/Development/fbo-mailer-bot/src/resources/fonts/bootstrap 

[ RAM: 57.48 MB | caller: fs.readdirSync.map | file: host-express.js | line: 44 ]
Sourcing directory:  /home/scottshotgg/Development/fbo-mailer-bot/src/resources/DataTables-1.10.13/DataTables-1.10.13 

[ RAM: 57.48 MB | caller: async.map | file: host-express.js | line: 68 ]
Done loading resource files! 

[ RAM: 59.67 MB | caller: exports.connectMongoDB | file: database-mongo.js | line: 18 ]
Initiating connection to fbo-mailer 

[ RAM: 60.83 MB | caller: null | file: host-express.js | line: 280 ]
Listening on port 8080! 

[ RAM: 61.10 MB | caller: null | file: database-mongo.js | line: 23 ]
Connected to fbo-mailer 

[ RAM: 61.10 MB | caller: exports.createCollection | file: database-mongo.js | line: 59 ]
Creating collection { '': '' } 

[ RAM: 61.37 MB | caller: fs.open | file: scraping-utils.js | line: 63 ]
FBOFeed20170628 already downloaded 

[ RAM: 79.33 MB | caller: exports.parseFeed | file: scraping-utils.js | line: 73 ]
Parsing FBOFeed20170628 

[ RAM: 79.33 MB | caller: exports.parseFeed | file: scraping-utils.js | line: 75 ]
Inserting records... 

[ RAM: 79.33 MB | caller: exports.parseFeed | file: scraping-utils.js | line: 82 ]
async filter... 

[ RAM: 79.33 MB | caller: async.filter | file: scraping-utils.js | line: 87 ]
async filter done 

[ RAM: 79.33 MB | caller: async.map | file: scraping-utils.js | line: 96 ]
finished 

[ RAM: 79.87 MB | caller: exports.generateClientPages | file: database-mongo.js | line: 108 ]
Generating client pages... 

[ RAM: 108.38 MB | caller: exports.generateNewClientPage | file: scraping-utils.js | line: 111 ]
scg104020 has 939 entries 

[ RAM: 138.40 MB | caller: exports.generateNewClientPage | file: scraping-utils.js | line: 161 ]
Attempting to write client index file: /clients/scg104020/index.html 

[ RAM: 142.73 MB | caller: exports.generateNewClientPage | file: scraping-utils.js | line: 164 ]
Client index file successfully written: /clients/scg104020/index.html 

[ RAM: 143.00 MB | caller: exports.generateNewClientPage | file: scraping-utils.js | line: 111 ]
scg104021 has 939 entries 

[ RAM: 154.89 MB | caller: exports.generateNewClientPage | file: scraping-utils.js | line: 161 ]
Attempting to write client index file: /clients/scg104021/index.html 

[ RAM: 160.30 MB | caller: exports.generateNewClientPage | file: scraping-utils.js | line: 164 ]
Client index file successfully written: /clients/scg104021/index.html 

