[ RAM: 56.59 MB | caller: exports.schedule | line: 19 | file: scheduler-cron.js ]
Scheduling 'fetchUpdate' to run at { minute: '15', hour: '16', date: '*', month: '*', day: '*' } 

[ RAM: 56.86 MB | caller: exports.startServer | line: 60 | file: host-express.js ]
Starting server... 

[ RAM: 57.13 MB | caller: fs.readdirSync.map | line: 46 | file: host-express.js ]
Sourcing directory:  /home/scottshotgg/Development/fbo-mailer-bot/src/resources/js/bootstrap 

[ RAM: 57.13 MB | caller: fs.readdirSync.map | line: 46 | file: host-express.js ]
Sourcing directory:  /home/scottshotgg/Development/fbo-mailer-bot/src/resources/js/dataTables 

[ RAM: 57.13 MB | caller: fs.readdirSync.map | line: 46 | file: host-express.js ]
Sourcing directory:  /home/scottshotgg/Development/fbo-mailer-bot/src/resources/js/jquery 

[ RAM: 57.13 MB | caller: fs.readdirSync.map | line: 46 | file: host-express.js ]
Sourcing directory:  /home/scottshotgg/Development/fbo-mailer-bot/src/resources/js/md5 

[ RAM: 57.40 MB | caller: fs.readdirSync.map | line: 46 | file: host-express.js ]
Sourcing directory:  /home/scottshotgg/Development/fbo-mailer-bot/src/resources/js/moment 

[ RAM: 57.40 MB | caller: fs.readdirSync.map | line: 46 | file: host-express.js ]
Sourcing directory:  /home/scottshotgg/Development/fbo-mailer-bot/src/resources/js/select2 

[ RAM: 57.40 MB | caller: fs.readdirSync.map | line: 46 | file: host-express.js ]
Sourcing directory:  /home/scottshotgg/Development/fbo-mailer-bot/src/resources/css/bootstrap 

[ RAM: 57.40 MB | caller: fs.readdirSync.map | line: 46 | file: host-express.js ]
Sourcing directory:  /home/scottshotgg/Development/fbo-mailer-bot/src/resources/css/dataTables 

[ RAM: 57.40 MB | caller: fs.readdirSync.map | line: 46 | file: host-express.js ]
Sourcing directory:  /home/scottshotgg/Development/fbo-mailer-bot/src/resources/css/select2 

[ RAM: 57.40 MB | caller: fs.readdirSync.map | line: 46 | file: host-express.js ]
Sourcing directory:  /home/scottshotgg/Development/fbo-mailer-bot/src/resources/css/uiKit 

[ RAM: 57.40 MB | caller: fs.readdirSync.map | line: 46 | file: host-express.js ]
Sourcing directory:  /home/scottshotgg/Development/fbo-mailer-bot/src/resources/fonts/DataTables-1.10.13 

[ RAM: 57.40 MB | caller: fs.readdirSync.map | line: 46 | file: host-express.js ]
Sourcing directory:  /home/scottshotgg/Development/fbo-mailer-bot/src/resources/fonts/bootstrap 

[ RAM: 57.40 MB | caller: fs.readdirSync.map | line: 46 | file: host-express.js ]
Sourcing directory:  /home/scottshotgg/Development/fbo-mailer-bot/src/resources/DataTables-1.10.13/DataTables-1.10.13 

[ RAM: 59.51 MB | caller: exports.connectMongoDB | line: 21 | file: database-mongo.js ]
Initiating connection to fbo-mailer 

[ RAM: 60.40 MB | caller: null | line: 299 | file: host-express.js ]
Listening on port 8080! 

[ RAM: 60.88 MB | caller: null | line: 26 | file: database-mongo.js ]
Connected to fbo-mailer 

[ RAM: 60.88 MB | caller: exports.createCollection | line: 62 | file: database-mongo.js ]
Creating collection { '': '' } 

[ RAM: 61.15 MB | caller: fs.open | line: 28 | file: scraper.js ]
FBOFeed20170628 already downloaded 

[ RAM: 79.11 MB | caller: exports.parseFeed | line: 38 | file: scraper.js ]
Parsing FBOFeed20170628 

[ RAM: 79.11 MB | caller: exports.parseFeed | line: 40 | file: scraper.js ]
Inserting records... 

[ RAM: 79.11 MB | caller: exports.parseFeed | line: 47 | file: scraper.js ]
async filter... 

[ RAM: 79.11 MB | caller: async.filter | line: 51 | file: scraper.js ]
async filter done 

[ RAM: 79.11 MB | caller: async.filter | line: 53 | file: scraper.js ]
undefined '\n'
[ RAM: 79.11 MB | caller: async.map | line: 62 | file: scraper.js ]
finished 

[ RAM: 79.65 MB | caller: exports.generateClientPages | line: 111 | file: database-mongo.js ]
Generating client pages... 

[ RAM: 108.33 MB | caller: exports.generateNewClientPage | line: 79 | file: scraper.js ]
scg104020 has 939 entries 

[ RAM: 136.74 MB | caller: exports.generateNewClientPage | line: 129 | file: scraper.js ]
Attempting to write client index file: /clients/scg104020/index.html 

[ RAM: 141.34 MB | caller: exports.generateNewClientPage | line: 132 | file: scraper.js ]
Client index file successfully written: /clients/scg104020/index.html 

[ RAM: 141.61 MB | caller: exports.generateNewClientPage | line: 79 | file: scraper.js ]
scg104021 has 939 entries 

[ RAM: 154.58 MB | caller: exports.generateNewClientPage | line: 129 | file: scraper.js ]
Attempting to write client index file: /clients/scg104021/index.html 

[ RAM: 159.99 MB | caller: exports.generateNewClientPage | line: 132 | file: scraper.js ]
Client index file successfully written: /clients/scg104021/index.html 

