[ RAM: 52.76 MB | file: scheduler-cron.js | caller: exports.schedule | line: 19 ]
Scheduling 'fetchUpdate' to run at { minute: '15', hour: '16', date: '*', month: '*', day: '*' } 

[ RAM: 53.03 MB | file: host-express.js | caller: exports.startServer | line: 79 ]
Starting server... 

[ RAM: 53.03 MB | file: host-express.js | caller: fs.readdirSync.map | line: 65 ]
Sourcing directory:  /home/scottshotgg/Development/fbo-mailer-bot/src/resources/js/bootstrap 

[ RAM: 53.03 MB | file: host-express.js | caller: fs.readdirSync.map | line: 65 ]
Sourcing directory:  /home/scottshotgg/Development/fbo-mailer-bot/src/resources/js/dataTables 

[ RAM: 53.03 MB | file: host-express.js | caller: fs.readdirSync.map | line: 65 ]
Sourcing directory:  /home/scottshotgg/Development/fbo-mailer-bot/src/resources/js/jquery 

[ RAM: 53.03 MB | file: host-express.js | caller: fs.readdirSync.map | line: 65 ]
Sourcing directory:  /home/scottshotgg/Development/fbo-mailer-bot/src/resources/js/md5 

[ RAM: 53.03 MB | file: host-express.js | caller: fs.readdirSync.map | line: 65 ]
Sourcing directory:  /home/scottshotgg/Development/fbo-mailer-bot/src/resources/js/moment 

[ RAM: 53.03 MB | file: host-express.js | caller: fs.readdirSync.map | line: 65 ]
Sourcing directory:  /home/scottshotgg/Development/fbo-mailer-bot/src/resources/js/select2 

[ RAM: 53.03 MB | file: host-express.js | caller: fs.readdirSync.map | line: 65 ]
Sourcing directory:  /home/scottshotgg/Development/fbo-mailer-bot/src/resources/css/bootstrap 

[ RAM: 53.03 MB | file: host-express.js | caller: fs.readdirSync.map | line: 65 ]
Sourcing directory:  /home/scottshotgg/Development/fbo-mailer-bot/src/resources/css/dataTables 

[ RAM: 53.03 MB | file: host-express.js | caller: fs.readdirSync.map | line: 65 ]
Sourcing directory:  /home/scottshotgg/Development/fbo-mailer-bot/src/resources/css/select2 

[ RAM: 53.03 MB | file: host-express.js | caller: fs.readdirSync.map | line: 65 ]
Sourcing directory:  /home/scottshotgg/Development/fbo-mailer-bot/src/resources/css/uiKit 

[ RAM: 53.03 MB | file: host-express.js | caller: fs.readdirSync.map | line: 65 ]
Sourcing directory:  /home/scottshotgg/Development/fbo-mailer-bot/src/resources/fonts/DataTables-1.10.13 

[ RAM: 53.03 MB | file: host-express.js | caller: fs.readdirSync.map | line: 65 ]
Sourcing directory:  /home/scottshotgg/Development/fbo-mailer-bot/src/resources/fonts/bootstrap 

[ RAM: 53.03 MB | file: host-express.js | caller: fs.readdirSync.map | line: 65 ]
Sourcing directory:  /home/scottshotgg/Development/fbo-mailer-bot/src/resources/DataTables-1.10.13/DataTables-1.10.13/images/Sorting icons.psd 

[ RAM: 53.03 MB | file: host-express.js | caller: fs.readdirSync.map | line: 65 ]
Sourcing directory:  /home/scottshotgg/Development/fbo-mailer-bot/src/resources/DataTables-1.10.13/DataTables-1.10.13/images/favicon.ico 

[ RAM: 53.03 MB | file: host-express.js | caller: fs.readdirSync.map | line: 65 ]
Sourcing directory:  /home/scottshotgg/Development/fbo-mailer-bot/src/resources/DataTables-1.10.13/DataTables-1.10.13/images/sort_asc.png 

[ RAM: 53.03 MB | file: host-express.js | caller: fs.readdirSync.map | line: 65 ]
Sourcing directory:  /home/scottshotgg/Development/fbo-mailer-bot/src/resources/DataTables-1.10.13/DataTables-1.10.13/images/sort_asc_disabled.png 

[ RAM: 53.03 MB | file: host-express.js | caller: fs.readdirSync.map | line: 65 ]
Sourcing directory:  /home/scottshotgg/Development/fbo-mailer-bot/src/resources/DataTables-1.10.13/DataTables-1.10.13/images/sort_both.png 

[ RAM: 53.03 MB | file: host-express.js | caller: fs.readdirSync.map | line: 65 ]
Sourcing directory:  /home/scottshotgg/Development/fbo-mailer-bot/src/resources/DataTables-1.10.13/DataTables-1.10.13/images/sort_desc.png 

[ RAM: 53.03 MB | file: host-express.js | caller: fs.readdirSync.map | line: 65 ]
Sourcing directory:  /home/scottshotgg/Development/fbo-mailer-bot/src/resources/DataTables-1.10.13/DataTables-1.10.13/images/sort_desc_disabled.png 

[ RAM: 54.38 MB | file: database-mongo.js | caller: exports.connectMongoDB | line: 24 ]
Initiating connection to fbo-mailer 

[ RAM: 55.65 MB | file: host-express.js | caller: null | line: 318 ]
Listening on port 8080! 

[ RAM: 56.24 MB | file: database-mongo.js | caller: null | line: 29 ]
Connected to fbo-mailer 

[ RAM: 56.24 MB | file: database-mongo.js | caller: exports.createCollection | line: 65 ]
Creating collection { '': '' } 

[ RAM: 56.51 MB | file: scraper.js | caller: fs.open | line: 39 ]
FBOFeed20170627 already downloaded 

[ RAM: 78.59 MB | file: scraper.js | caller: exports.parseFeed | line: 49 ]
Parsing FBOFeed20170627 

[ RAM: 78.59 MB | file: scraper.js | caller: exports.parseFeed | line: 51 ]
Inserting records... 

[ RAM: 78.59 MB | file: scraper.js | caller: exports.parseFeed | line: 58 ]
async filter... 

[ RAM: 78.86 MB | file: scraper.js | caller: async.filter | line: 62 ]
async filter done 

[ RAM: 78.86 MB | file: scraper.js | caller: async.filter | line: 64 ]
undefined '\n'
[ RAM: 79.13 MB | file: scraper.js | caller: async.map | line: 73 ]
finished 

[ RAM: 80.76 MB | file: database-mongo.js | caller: exports.generateClientPages | line: 114 ]
Generating client pages... 

[ RAM: 74.32 MB | file: scraper.js | caller: exports.generateNewClientPage | line: 90 ]
scg104020 has 0 entries 

[ RAM: 74.86 MB | file: scraper.js | caller: exports.generateNewClientPage | line: 139 ]
Attempting to write client index file: /clients/scg104020/index.html 

[ RAM: 74.86 MB | file: scraper.js | caller: exports.generateNewClientPage | line: 142 ]
Client index file successfully written: /clients/scg104020/index.html 

[ RAM: 49.72 MB | file: host-express.js | caller: null | line: 313 ]
Serving user: /sort_both.png 

[ RAM: 49.98 MB | file: application.js | caller: logerror | line: 630 ]
