[ RAM: 52.06 MB | file: scheduler-cron.js | caller: exports.schedule | line: 19 ]
Scheduling 'fetchUpdate' to run at { minute: '15', hour: '16', date: '*', month: '*', day: '*' } 

[ RAM: 52.33 MB | file: host-express.js | caller: exports.startServer | line: 80 ]
Starting server... 

[ RAM: 52.33 MB | file: host-express.js | caller: fs.readdirSync.map | line: 66 ]
Sourcing directory:  /home/scottshotgg/Development/fbo-mailer-bot/src/resources/js/bootstrap 

[ RAM: 52.60 MB | file: host-express.js | caller: fs.readdirSync.map | line: 66 ]
Sourcing directory:  /home/scottshotgg/Development/fbo-mailer-bot/src/resources/js/dataTables 

[ RAM: 52.60 MB | file: host-express.js | caller: fs.readdirSync.map | line: 66 ]
Sourcing directory:  /home/scottshotgg/Development/fbo-mailer-bot/src/resources/js/jquery 

[ RAM: 52.60 MB | file: host-express.js | caller: fs.readdirSync.map | line: 66 ]
Sourcing directory:  /home/scottshotgg/Development/fbo-mailer-bot/src/resources/js/md5 

[ RAM: 52.60 MB | file: host-express.js | caller: fs.readdirSync.map | line: 66 ]
Sourcing directory:  /home/scottshotgg/Development/fbo-mailer-bot/src/resources/js/moment 

[ RAM: 52.60 MB | file: host-express.js | caller: fs.readdirSync.map | line: 66 ]
Sourcing directory:  /home/scottshotgg/Development/fbo-mailer-bot/src/resources/js/select2 

[ RAM: 52.60 MB | file: host-express.js | caller: fs.readdirSync.map | line: 66 ]
Sourcing directory:  /home/scottshotgg/Development/fbo-mailer-bot/src/resources/css/bootstrap 

[ RAM: 52.60 MB | file: host-express.js | caller: fs.readdirSync.map | line: 66 ]
Sourcing directory:  /home/scottshotgg/Development/fbo-mailer-bot/src/resources/css/dataTables 

[ RAM: 52.60 MB | file: host-express.js | caller: fs.readdirSync.map | line: 66 ]
Sourcing directory:  /home/scottshotgg/Development/fbo-mailer-bot/src/resources/css/select2 

[ RAM: 52.60 MB | file: host-express.js | caller: fs.readdirSync.map | line: 66 ]
Sourcing directory:  /home/scottshotgg/Development/fbo-mailer-bot/src/resources/css/uiKit 

[ RAM: 52.60 MB | file: host-express.js | caller: fs.readdirSync.map | line: 66 ]
Sourcing directory:  /home/scottshotgg/Development/fbo-mailer-bot/src/resources/fonts/DataTables-1.10.13 

[ RAM: 52.60 MB | file: host-express.js | caller: fs.readdirSync.map | line: 66 ]
Sourcing directory:  /home/scottshotgg/Development/fbo-mailer-bot/src/resources/fonts/bootstrap 

[ RAM: 52.60 MB | file: host-express.js | caller: fs.readdirSync.map | line: 66 ]
Sourcing directory:  /home/scottshotgg/Development/fbo-mailer-bot/src/resources/DataTables-1.10.13/DataTables-1.10.13/images 

[ RAM: 52.60 MB | file: host-express.js | caller: fs.readdirSync.map | line: 66 ]
Sourcing directory:  /home/scottshotgg/Development/fbo-mailer-bot/src/resources/DataTables-1.10.13/images/Sorting icons.psd 

[ RAM: 52.60 MB | file: host-express.js | caller: fs.readdirSync.map | line: 66 ]
Sourcing directory:  /home/scottshotgg/Development/fbo-mailer-bot/src/resources/DataTables-1.10.13/images/favicon.ico 

[ RAM: 52.60 MB | file: host-express.js | caller: fs.readdirSync.map | line: 66 ]
Sourcing directory:  /home/scottshotgg/Development/fbo-mailer-bot/src/resources/DataTables-1.10.13/images/sort_asc.png 

[ RAM: 52.60 MB | file: host-express.js | caller: fs.readdirSync.map | line: 66 ]
Sourcing directory:  /home/scottshotgg/Development/fbo-mailer-bot/src/resources/DataTables-1.10.13/images/sort_asc_disabled.png 

[ RAM: 52.60 MB | file: host-express.js | caller: fs.readdirSync.map | line: 66 ]
Sourcing directory:  /home/scottshotgg/Development/fbo-mailer-bot/src/resources/DataTables-1.10.13/images/sort_both.png 

[ RAM: 52.60 MB | file: host-express.js | caller: fs.readdirSync.map | line: 66 ]
Sourcing directory:  /home/scottshotgg/Development/fbo-mailer-bot/src/resources/DataTables-1.10.13/images/sort_desc.png 

[ RAM: 52.60 MB | file: host-express.js | caller: fs.readdirSync.map | line: 66 ]
Sourcing directory:  /home/scottshotgg/Development/fbo-mailer-bot/src/resources/DataTables-1.10.13/images/sort_desc_disabled.png 

[ RAM: 53.15 MB | file: database-mongo.js | caller: exports.connectMongoDB | line: 24 ]
Initiating connection to fbo-mailer 

[ RAM: 54.48 MB | file: host-express.js | caller: null | line: 319 ]
Listening on port 8080! 

[ RAM: 55.08 MB | file: database-mongo.js | caller: null | line: 29 ]
Connected to fbo-mailer 

[ RAM: 55.08 MB | file: database-mongo.js | caller: exports.createCollection | line: 65 ]
Creating collection { '': '' } 

[ RAM: 55.35 MB | file: scraper.js | caller: fs.open | line: 39 ]
FBOFeed20170627 already downloaded 

[ RAM: 77.43 MB | file: scraper.js | caller: exports.parseFeed | line: 49 ]
Parsing FBOFeed20170627 

[ RAM: 77.43 MB | file: scraper.js | caller: exports.parseFeed | line: 51 ]
Inserting records... 

[ RAM: 77.43 MB | file: scraper.js | caller: exports.parseFeed | line: 58 ]
async filter... 

[ RAM: 77.70 MB | file: scraper.js | caller: async.filter | line: 62 ]
async filter done 

[ RAM: 77.70 MB | file: scraper.js | caller: async.filter | line: 64 ]
undefined '\n'
[ RAM: 77.97 MB | file: scraper.js | caller: async.map | line: 73 ]
finished 

[ RAM: 79.59 MB | file: database-mongo.js | caller: exports.generateClientPages | line: 114 ]
Generating client pages... 

[ RAM: 72.80 MB | file: scraper.js | caller: exports.generateNewClientPage | line: 90 ]
scg104020 has 0 entries 

[ RAM: 73.34 MB | file: scraper.js | caller: exports.generateNewClientPage | line: 139 ]
Attempting to write client index file: /clients/scg104020/index.html 

[ RAM: 73.34 MB | file: scraper.js | caller: exports.generateNewClientPage | line: 142 ]
Client index file successfully written: /clients/scg104020/index.html 

[ RAM: 49.44 MB | file: host-express.js | caller: null | line: 314 ]
Serving user: /scg104020 

[ RAM: 50.02 MB | file: host-express.js | caller: null | line: 314 ]
Serving user: /scg104020 

[ RAM: 50.61 MB | file: host-express.js | caller: null | line: 314 ]
Serving user: /dataTables-1.10.13 

[ RAM: 50.61 MB | file: application.js | caller: logerror | line: 630 ]
[ RAM: 51.15 MB | file: host-express.js | caller: null | line: 314 ]
Serving user: /DataTables-1.10.13 

[ RAM: 51.68 MB | file: application.js | caller: logerror | line: 630 ]
