[ RAM: 56.36 MB | file: scheduler-cron.js | caller: exports.schedule | line: 19 ]
Scheduling 'fetchUpdate' to run at { minute: '15', hour: '16', date: '*', month: '*', day: '*' } 

[ RAM: 56.63 MB | file: host-express.js | caller: exports.startServer | line: 79 ]
Starting server... 

[ RAM: 56.90 MB | file: host-express.js | caller: fs.readdirSync.map | line: 65 ]
Sourcing directory:  /home/scottshotgg/Development/fbo-mailer-bot/src/resources/js/bootstrap 

[ RAM: 56.90 MB | file: host-express.js | caller: fs.readdirSync.map | line: 65 ]
Sourcing directory:  /home/scottshotgg/Development/fbo-mailer-bot/src/resources/js/dataTables 

[ RAM: 56.90 MB | file: host-express.js | caller: fs.readdirSync.map | line: 65 ]
Sourcing directory:  /home/scottshotgg/Development/fbo-mailer-bot/src/resources/js/jquery 

[ RAM: 56.90 MB | file: host-express.js | caller: fs.readdirSync.map | line: 65 ]
Sourcing directory:  /home/scottshotgg/Development/fbo-mailer-bot/src/resources/js/md5 

[ RAM: 56.90 MB | file: host-express.js | caller: fs.readdirSync.map | line: 65 ]
Sourcing directory:  /home/scottshotgg/Development/fbo-mailer-bot/src/resources/js/moment 

[ RAM: 56.90 MB | file: host-express.js | caller: fs.readdirSync.map | line: 65 ]
Sourcing directory:  /home/scottshotgg/Development/fbo-mailer-bot/src/resources/js/select2 

[ RAM: 56.90 MB | file: host-express.js | caller: fs.readdirSync.map | line: 65 ]
Sourcing directory:  /home/scottshotgg/Development/fbo-mailer-bot/src/resources/css/bootstrap 

[ RAM: 56.90 MB | file: host-express.js | caller: fs.readdirSync.map | line: 65 ]
Sourcing directory:  /home/scottshotgg/Development/fbo-mailer-bot/src/resources/css/dataTables 

[ RAM: 57.17 MB | file: host-express.js | caller: fs.readdirSync.map | line: 65 ]
Sourcing directory:  /home/scottshotgg/Development/fbo-mailer-bot/src/resources/css/select2 

[ RAM: 57.17 MB | file: host-express.js | caller: fs.readdirSync.map | line: 65 ]
Sourcing directory:  /home/scottshotgg/Development/fbo-mailer-bot/src/resources/css/uiKit 

[ RAM: 57.17 MB | file: host-express.js | caller: fs.readdirSync.map | line: 65 ]
Sourcing directory:  /home/scottshotgg/Development/fbo-mailer-bot/src/resources/fonts/DataTables-1.10.13 

[ RAM: 57.17 MB | file: host-express.js | caller: fs.readdirSync.map | line: 65 ]
Sourcing directory:  /home/scottshotgg/Development/fbo-mailer-bot/src/resources/fonts/bootstrap 

[ RAM: 57.17 MB | file: host-express.js | caller: fs.readdirSync.map | line: 65 ]
Sourcing directory:  /home/scottshotgg/Development/fbo-mailer-bot/src/resources/DataTables-1.10.13/DataTables-1.10.13 

[ RAM: 59.30 MB | file: database-mongo.js | caller: exports.connectMongoDB | line: 24 ]
Initiating connection to fbo-mailer 

[ RAM: 60.24 MB | file: host-express.js | caller: null | line: 318 ]
Listening on port 8080! 

[ RAM: 60.51 MB | file: database-mongo.js | caller: null | line: 29 ]
Connected to fbo-mailer 

[ RAM: 60.51 MB | file: database-mongo.js | caller: exports.createCollection | line: 65 ]
Creating collection { '': '' } 

[ RAM: 60.91 MB | file: scraper.js | caller: fs.open | line: 39 ]
FBOFeed20170627 already downloaded 

[ RAM: 82.78 MB | file: scraper.js | caller: exports.parseFeed | line: 49 ]
Parsing FBOFeed20170627 

[ RAM: 82.78 MB | file: scraper.js | caller: exports.parseFeed | line: 51 ]
Inserting records... 

[ RAM: 82.78 MB | file: scraper.js | caller: exports.parseFeed | line: 58 ]
async filter... 

[ RAM: 82.78 MB | file: scraper.js | caller: async.filter | line: 62 ]
async filter done 

[ RAM: 82.78 MB | file: scraper.js | caller: async.filter | line: 64 ]
undefined '\n'
[ RAM: 82.78 MB | file: scraper.js | caller: async.map | line: 73 ]
finished 

[ RAM: 83.60 MB | file: database-mongo.js | caller: exports.generateClientPages | line: 114 ]
Generating client pages... 

[ RAM: 110.92 MB | file: scraper.js | caller: exports.generateNewClientPage | line: 90 ]
scg104021 has 939 entries 

[ RAM: 141.02 MB | file: scraper.js | caller: exports.generateNewClientPage | line: 139 ]
Attempting to write client index file: /clients/scg104021/index.html 

[ RAM: 145.34 MB | file: scraper.js | caller: exports.generateNewClientPage | line: 142 ]
Client index file successfully written: /clients/scg104021/index.html 

[ RAM: 149.67 MB | file: scraper.js | caller: exports.generateNewClientPage | line: 90 ]
scg104020 has 939 entries 

[ RAM: 161.83 MB | file: scraper.js | caller: exports.generateNewClientPage | line: 139 ]
Attempting to write client index file: /clients/scg104020/index.html 

[ RAM: 167.24 MB | file: scraper.js | caller: exports.generateNewClientPage | line: 142 ]
Client index file successfully written: /clients/scg104020/index.html 

