[ RAM: 56.58 MB | file: scheduler-cron.js | caller: exports.schedule | line: 19 ]
Scheduling 'fetchUpdate' to run at { minute: '15', hour: '16', date: '*', month: '*', day: '*' } 

[ RAM: 56.85 MB | file: host-express.js | caller: exports.startServer | line: 68 ]
Starting server... 

[ RAM: 57.12 MB | file: host-express.js | caller: fs.readdirSync.map | line: 54 ]
Sourcing directory:  /home/scottshotgg/Development/fbo-mailer-bot/src/resources/js/bootstrap 

[ RAM: 57.12 MB | file: host-express.js | caller: fs.readdirSync.map | line: 54 ]
Sourcing directory:  /home/scottshotgg/Development/fbo-mailer-bot/src/resources/js/dataTables 

[ RAM: 57.12 MB | file: host-express.js | caller: fs.readdirSync.map | line: 54 ]
Sourcing directory:  /home/scottshotgg/Development/fbo-mailer-bot/src/resources/js/jquery 

[ RAM: 57.12 MB | file: host-express.js | caller: fs.readdirSync.map | line: 54 ]
Sourcing directory:  /home/scottshotgg/Development/fbo-mailer-bot/src/resources/js/md5 

[ RAM: 57.12 MB | file: host-express.js | caller: fs.readdirSync.map | line: 54 ]
Sourcing directory:  /home/scottshotgg/Development/fbo-mailer-bot/src/resources/js/moment 

[ RAM: 57.12 MB | file: host-express.js | caller: fs.readdirSync.map | line: 54 ]
Sourcing directory:  /home/scottshotgg/Development/fbo-mailer-bot/src/resources/js/select2 

[ RAM: 57.12 MB | file: host-express.js | caller: fs.readdirSync.map | line: 54 ]
Sourcing directory:  /home/scottshotgg/Development/fbo-mailer-bot/src/resources/css/bootstrap 

[ RAM: 57.39 MB | file: host-express.js | caller: fs.readdirSync.map | line: 54 ]
Sourcing directory:  /home/scottshotgg/Development/fbo-mailer-bot/src/resources/css/dataTables 

[ RAM: 57.39 MB | file: host-express.js | caller: fs.readdirSync.map | line: 54 ]
Sourcing directory:  /home/scottshotgg/Development/fbo-mailer-bot/src/resources/css/select2 

[ RAM: 57.39 MB | file: host-express.js | caller: fs.readdirSync.map | line: 54 ]
Sourcing directory:  /home/scottshotgg/Development/fbo-mailer-bot/src/resources/css/uiKit 

[ RAM: 57.39 MB | file: host-express.js | caller: fs.readdirSync.map | line: 54 ]
Sourcing directory:  /home/scottshotgg/Development/fbo-mailer-bot/src/resources/fonts/DataTables-1.10.13 

[ RAM: 57.39 MB | file: host-express.js | caller: fs.readdirSync.map | line: 54 ]
Sourcing directory:  /home/scottshotgg/Development/fbo-mailer-bot/src/resources/fonts/bootstrap 

[ RAM: 57.39 MB | file: host-express.js | caller: fs.readdirSync.map | line: 54 ]
Sourcing directory:  /home/scottshotgg/Development/fbo-mailer-bot/src/resources/DataTables-1.10.13/DataTables-1.10.13 

[ RAM: 59.52 MB | file: database-mongo.js | caller: exports.connectMongoDB | line: 24 ]
Initiating connection to fbo-mailer 

[ RAM: 60.53 MB | file: host-express.js | caller: null | line: 307 ]
Listening on port 8080! 

[ RAM: 60.98 MB | file: database-mongo.js | caller: null | line: 29 ]
Connected to fbo-mailer 

[ RAM: 60.98 MB | file: database-mongo.js | caller: exports.createCollection | line: 65 ]
Creating collection { '': '' } 

[ RAM: 61.24 MB | file: scraper.js | caller: fs.open | line: 34 ]
FBOFeed20170627 already downloaded 

[ RAM: 83.12 MB | file: scraper.js | caller: exports.parseFeed | line: 44 ]
Parsing FBOFeed20170627 

[ RAM: 83.12 MB | file: scraper.js | caller: exports.parseFeed | line: 46 ]
Inserting records... 

[ RAM: 83.12 MB | file: scraper.js | caller: exports.parseFeed | line: 53 ]
async filter... 

[ RAM: 83.12 MB | file: scraper.js | caller: async.filter | line: 57 ]
async filter done 

[ RAM: 83.12 MB | file: scraper.js | caller: async.filter | line: 59 ]
undefined '\n'
[ RAM: 83.12 MB | file: scraper.js | caller: async.map | line: 68 ]
finished 

[ RAM: 83.94 MB | file: database-mongo.js | caller: exports.generateClientPages | line: 114 ]
Generating client pages... 

[ RAM: 110.11 MB | file: scraper.js | caller: exports.generateNewClientPage | line: 85 ]
scg104020 has 939 entries 

[ RAM: 138.95 MB | file: scraper.js | caller: exports.generateNewClientPage | line: 134 ]
Attempting to write client index file: /clients/scg104020/index.html 

[ RAM: 143.61 MB | file: scraper.js | caller: exports.generateNewClientPage | line: 137 ]
Client index file successfully written: /clients/scg104020/index.html 

[ RAM: 145.23 MB | file: scraper.js | caller: exports.generateNewClientPage | line: 85 ]
scg104021 has 939 entries 

[ RAM: 157.94 MB | file: scraper.js | caller: exports.generateNewClientPage | line: 134 ]
Attempting to write client index file: /clients/scg104021/index.html 

[ RAM: 163.34 MB | file: scraper.js | caller: exports.generateNewClientPage | line: 137 ]
Client index file successfully written: /clients/scg104021/index.html 

