[ RAM: 52.08 MB | file: scheduler-cron.js | caller: exports.schedule | line: 19 ]
Scheduling 'fetchUpdate' to run at { minute: '15', hour: '16', date: '*', month: '*', day: '*' } 

[ RAM: 52.36 MB | file: host-express.js | caller: exports.startServer | line: 79 ]
Starting server... 

[ RAM: 52.36 MB | file: host-express.js | caller: fs.readdirSync.map | line: 65 ]
Sourcing directory:  /home/scottshotgg/Development/fbo-mailer-bot/src/resources/js/bootstrap 

[ RAM: 52.36 MB | file: host-express.js | caller: fs.readdirSync.map | line: 65 ]
Sourcing directory:  /home/scottshotgg/Development/fbo-mailer-bot/src/resources/js/dataTables 

[ RAM: 52.36 MB | file: host-express.js | caller: fs.readdirSync.map | line: 65 ]
Sourcing directory:  /home/scottshotgg/Development/fbo-mailer-bot/src/resources/js/jquery 

[ RAM: 52.36 MB | file: host-express.js | caller: fs.readdirSync.map | line: 65 ]
Sourcing directory:  /home/scottshotgg/Development/fbo-mailer-bot/src/resources/js/md5 

[ RAM: 52.36 MB | file: host-express.js | caller: fs.readdirSync.map | line: 65 ]
Sourcing directory:  /home/scottshotgg/Development/fbo-mailer-bot/src/resources/js/moment 

[ RAM: 52.36 MB | file: host-express.js | caller: fs.readdirSync.map | line: 65 ]
Sourcing directory:  /home/scottshotgg/Development/fbo-mailer-bot/src/resources/js/select2 

[ RAM: 52.36 MB | file: host-express.js | caller: fs.readdirSync.map | line: 65 ]
Sourcing directory:  /home/scottshotgg/Development/fbo-mailer-bot/src/resources/css/bootstrap 

[ RAM: 52.36 MB | file: host-express.js | caller: fs.readdirSync.map | line: 65 ]
Sourcing directory:  /home/scottshotgg/Development/fbo-mailer-bot/src/resources/css/dataTables 

[ RAM: 52.36 MB | file: host-express.js | caller: fs.readdirSync.map | line: 65 ]
Sourcing directory:  /home/scottshotgg/Development/fbo-mailer-bot/src/resources/css/select2 

[ RAM: 52.36 MB | file: host-express.js | caller: fs.readdirSync.map | line: 65 ]
Sourcing directory:  /home/scottshotgg/Development/fbo-mailer-bot/src/resources/css/uiKit 

[ RAM: 52.36 MB | file: host-express.js | caller: fs.readdirSync.map | line: 65 ]
Sourcing directory:  /home/scottshotgg/Development/fbo-mailer-bot/src/resources/fonts/DataTables-1.10.13 

[ RAM: 52.36 MB | file: host-express.js | caller: fs.readdirSync.map | line: 65 ]
Sourcing directory:  /home/scottshotgg/Development/fbo-mailer-bot/src/resources/fonts/bootstrap 

[ RAM: 52.36 MB | file: host-express.js | caller: fs.readdirSync.map | line: 65 ]
Sourcing directory:  /home/scottshotgg/Development/fbo-mailer-bot/src/resources/DataTables-1.10.13/DataTables-1.10.13 

[ RAM: 53.17 MB | file: database-mongo.js | caller: exports.connectMongoDB | line: 24 ]
Initiating connection to fbo-mailer 

[ RAM: 54.33 MB | file: host-express.js | caller: null | line: 318 ]
Listening on port 8080! 

[ RAM: 54.92 MB | file: database-mongo.js | caller: null | line: 29 ]
Connected to fbo-mailer 

[ RAM: 54.92 MB | file: database-mongo.js | caller: exports.createCollection | line: 65 ]
Creating collection { '': '' } 

[ RAM: 55.19 MB | file: scraper.js | caller: fs.open | line: 39 ]
FBOFeed20170627 already downloaded 

[ RAM: 77.07 MB | file: scraper.js | caller: exports.parseFeed | line: 49 ]
Parsing FBOFeed20170627 

[ RAM: 77.07 MB | file: scraper.js | caller: exports.parseFeed | line: 51 ]
Inserting records... 

[ RAM: 77.34 MB | file: scraper.js | caller: exports.parseFeed | line: 58 ]
async filter... 

[ RAM: 77.61 MB | file: scraper.js | caller: async.filter | line: 62 ]
async filter done 

[ RAM: 77.61 MB | file: scraper.js | caller: async.filter | line: 64 ]
undefined '\n'
[ RAM: 77.61 MB | file: scraper.js | caller: async.map | line: 73 ]
finished 

[ RAM: 79.50 MB | file: database-mongo.js | caller: exports.generateClientPages | line: 114 ]
Generating client pages... 

[ RAM: 72.44 MB | file: scraper.js | caller: exports.generateNewClientPage | line: 90 ]
scg104020 has 0 entries 

[ RAM: 73.24 MB | file: scraper.js | caller: exports.generateNewClientPage | line: 139 ]
Attempting to write client index file: /clients/scg104020/index.html 

[ RAM: 73.24 MB | file: scraper.js | caller: exports.generateNewClientPage | line: 142 ]
Client index file successfully written: /clients/scg104020/index.html 

[ RAM: 73.71 MB | file: host-express.js | caller: null | line: 313 ]
Serving user: /scg104020 

[ RAM: 51.05 MB | file: host-express.js | caller: null | line: 313 ]
Serving user: /scg104020 

[ RAM: 51.30 MB | file: host-express.js | caller: null | line: 313 ]
Serving user: /scg104020 

[ RAM: 51.00 MB | file: host-express.js | caller: null | line: 313 ]
Serving user: /404 

[ RAM: 51.27 MB | file: application.js | caller: logerror | line: 630 ]
[ RAM: 51.54 MB | file: host-express.js | caller: null | line: 313 ]
Serving user: /lhjlkj 

[ RAM: 51.54 MB | file: application.js | caller: logerror | line: 630 ]
