[ RAM: 51.79 MB | file: scheduler-cron.js | caller: exports.schedule | line: 19 ]
Scheduling 'fetchUpdate' to run at { minute: '15', hour: '16', date: '*', month: '*', day: '*' } 

[ RAM: 52.06 MB | file: host-express.js | caller: exports.startServer | line: 78 ]
Starting server... 

[ RAM: 52.06 MB | file: host-express.js | caller: fs.readdirSync.map | line: 64 ]
Sourcing directory:  /home/scottshotgg/Development/fbo-mailer-bot/src/resources/js/bootstrap 

[ RAM: 52.06 MB | file: host-express.js | caller: fs.readdirSync.map | line: 64 ]
Sourcing directory:  /home/scottshotgg/Development/fbo-mailer-bot/src/resources/js/jquery 

[ RAM: 52.06 MB | file: host-express.js | caller: fs.readdirSync.map | line: 64 ]
Sourcing directory:  /home/scottshotgg/Development/fbo-mailer-bot/src/resources/js/md5 

[ RAM: 52.06 MB | file: host-express.js | caller: fs.readdirSync.map | line: 64 ]
Sourcing directory:  /home/scottshotgg/Development/fbo-mailer-bot/src/resources/js/select2 

[ RAM: 52.06 MB | file: host-express.js | caller: fs.readdirSync.map | line: 64 ]
Sourcing directory:  /home/scottshotgg/Development/fbo-mailer-bot/src/resources/css/bootstrap 

[ RAM: 52.06 MB | file: host-express.js | caller: fs.readdirSync.map | line: 64 ]
Sourcing directory:  /home/scottshotgg/Development/fbo-mailer-bot/src/resources/css/select2 

[ RAM: 52.06 MB | file: host-express.js | caller: fs.readdirSync.map | line: 64 ]
Sourcing directory:  /home/scottshotgg/Development/fbo-mailer-bot/src/resources/fonts/bootstrap 

[ RAM: 52.87 MB | file: database-mongo.js | caller: exports.connectMongoDB | line: 24 ]
Initiating connection to fbo-mailer 

[ RAM: 54.15 MB | file: host-express.js | caller: null | line: 313 ]
Listening on port 8080! 

[ RAM: 54.75 MB | file: database-mongo.js | caller: null | line: 29 ]
Connected to fbo-mailer 

[ RAM: 54.75 MB | file: database-mongo.js | caller: exports.createCollection | line: 65 ]
Creating collection { '': '' } 

[ RAM: 55.02 MB | file: scraper.js | caller: fs.open | line: 39 ]
FBOFeed20170627 already downloaded 

[ RAM: 77.05 MB | file: scraper.js | caller: exports.parseFeed | line: 49 ]
Parsing FBOFeed20170627 

[ RAM: 77.05 MB | file: scraper.js | caller: exports.parseFeed | line: 51 ]
Inserting records... 

[ RAM: 77.05 MB | file: scraper.js | caller: exports.parseFeed | line: 58 ]
async filter... 

[ RAM: 77.59 MB | file: scraper.js | caller: async.filter | line: 62 ]
async filter done 

[ RAM: 77.86 MB | file: scraper.js | caller: async.filter | line: 64 ]
undefined '\n'
[ RAM: 77.86 MB | file: scraper.js | caller: async.map | line: 73 ]
finished 

[ RAM: 79.48 MB | file: database-mongo.js | caller: exports.generateClientPages | line: 114 ]
Generating client pages... 

[ RAM: 72.76 MB | file: scraper.js | caller: exports.generateNewClientPage | line: 90 ]
scg104020 has 0 entries 

[ RAM: 73.30 MB | file: scraper.js | caller: exports.generateNewClientPage | line: 139 ]
Attempting to write client index file: /clients/scg104020/index.html 

[ RAM: 73.30 MB | file: scraper.js | caller: exports.generateNewClientPage | line: 142 ]
Client index file successfully written: /clients/scg104020/index.html 

[ RAM: 73.98 MB | file: host-express.js | caller: null | line: 133 ]
validate_login 

[ RAM: 51.09 MB | file: host-express.js | caller: null | line: 308 ]
Serving user: /scg104020 

