[ RAM: 52.15 MB | file: scheduler-cron.js | caller: exports.schedule | line: 19 ]
Scheduling 'fetchUpdate' to run at { minute: '15', hour: '16', date: '*', month: '*', day: '*' } 

[ RAM: 52.42 MB | file: host-express.js | caller: exports.startServer | line: 78 ]
Starting server... 

[ RAM: 52.42 MB | file: host-express.js | caller: fs.readdirSync.map | line: 64 ]
Sourcing directory:  /home/scottshotgg/Development/fbo-mailer-bot/src/resources/js/bootstrap 

[ RAM: 52.42 MB | file: host-express.js | caller: fs.readdirSync.map | line: 64 ]
Sourcing directory:  /home/scottshotgg/Development/fbo-mailer-bot/src/resources/js/dataTables 

[ RAM: 52.42 MB | file: host-express.js | caller: fs.readdirSync.map | line: 64 ]
Sourcing directory:  /home/scottshotgg/Development/fbo-mailer-bot/src/resources/js/jquery 

[ RAM: 52.42 MB | file: host-express.js | caller: fs.readdirSync.map | line: 64 ]
Sourcing directory:  /home/scottshotgg/Development/fbo-mailer-bot/src/resources/js/md5 

[ RAM: 52.42 MB | file: host-express.js | caller: fs.readdirSync.map | line: 64 ]
Sourcing directory:  /home/scottshotgg/Development/fbo-mailer-bot/src/resources/js/moment 

[ RAM: 52.42 MB | file: host-express.js | caller: fs.readdirSync.map | line: 64 ]
Sourcing directory:  /home/scottshotgg/Development/fbo-mailer-bot/src/resources/js/select2 

[ RAM: 52.42 MB | file: host-express.js | caller: fs.readdirSync.map | line: 64 ]
Sourcing directory:  /home/scottshotgg/Development/fbo-mailer-bot/src/resources/css/bootstrap 

[ RAM: 52.42 MB | file: host-express.js | caller: fs.readdirSync.map | line: 64 ]
Sourcing directory:  /home/scottshotgg/Development/fbo-mailer-bot/src/resources/css/dataTables 

[ RAM: 52.42 MB | file: host-express.js | caller: fs.readdirSync.map | line: 64 ]
Sourcing directory:  /home/scottshotgg/Development/fbo-mailer-bot/src/resources/css/select2 

[ RAM: 52.42 MB | file: host-express.js | caller: fs.readdirSync.map | line: 64 ]
Sourcing directory:  /home/scottshotgg/Development/fbo-mailer-bot/src/resources/css/uiKit 

[ RAM: 52.42 MB | file: host-express.js | caller: fs.readdirSync.map | line: 64 ]
Sourcing directory:  /home/scottshotgg/Development/fbo-mailer-bot/src/resources/fonts/bootstrap 

[ RAM: 52.96 MB | file: database-mongo.js | caller: exports.connectMongoDB | line: 24 ]
Initiating connection to fbo-mailer 

[ RAM: 54.20 MB | file: host-express.js | caller: null | line: 313 ]
Listening on port 8080! 

[ RAM: 54.80 MB | file: database-mongo.js | caller: null | line: 29 ]
Connected to fbo-mailer 

[ RAM: 54.80 MB | file: database-mongo.js | caller: exports.createCollection | line: 65 ]
Creating collection { '': '' } 

[ RAM: 55.07 MB | file: scraper.js | caller: fs.open | line: 39 ]
FBOFeed20170627 already downloaded 

[ RAM: 77.09 MB | file: scraper.js | caller: exports.parseFeed | line: 49 ]
Parsing FBOFeed20170627 

[ RAM: 77.09 MB | file: scraper.js | caller: exports.parseFeed | line: 51 ]
Inserting records... 

[ RAM: 77.09 MB | file: scraper.js | caller: exports.parseFeed | line: 58 ]
async filter... 

[ RAM: 77.64 MB | file: scraper.js | caller: async.filter | line: 62 ]
async filter done 

[ RAM: 77.64 MB | file: scraper.js | caller: async.filter | line: 64 ]
undefined '\n'
[ RAM: 77.64 MB | file: scraper.js | caller: async.map | line: 73 ]
finished 

[ RAM: 79.26 MB | file: database-mongo.js | caller: exports.generateClientPages | line: 114 ]
Generating client pages... 

[ RAM: 72.55 MB | file: scraper.js | caller: exports.generateNewClientPage | line: 90 ]
scg104020 has 0 entries 

[ RAM: 73.09 MB | file: scraper.js | caller: exports.generateNewClientPage | line: 139 ]
Attempting to write client index file: /clients/scg104020/index.html 

[ RAM: 73.09 MB | file: scraper.js | caller: exports.generateNewClientPage | line: 142 ]
Client index file successfully written: /clients/scg104020/index.html 

[ RAM: 73.36 MB | file: host-express.js | caller: null | line: 308 ]
Serving user: /scg104020 

[ RAM: 51.36 MB | file: host-express.js | caller: null | line: 308 ]
Serving user: /scg104020 

[ RAM: 57.58 MB | file: host-express.js | caller: null | line: 308 ]
Serving user: /scg104020 

[ RAM: 58.67 MB | file: host-express.js | caller: null | line: 308 ]
Serving user: /scg104020 

[ RAM: 58.99 MB | file: host-express.js | caller: null | line: 308 ]
Serving user: /scg104020 

